Classic Timing Analyzer report for DistributeurCafe
Mon Mar 25 14:18:28 2024
Quartus II Version 9.1 Build 222 10/21/2009 SJ Web Edition


---------------------
; Table of Contents ;
---------------------
  1. Legal Notice
  2. Timing Analyzer Summary
  3. Timing Analyzer Settings
  4. Parallel Compilation
  5. tpd
  6. Timing Analyzer Messages



----------------
; Legal Notice ;
----------------
Copyright (C) 1991-2009 Altera Corporation
Your use of Altera Corporation's design tools, logic functions 
and other software and tools, and its AMPP partner logic 
functions, and any output files from any of the foregoing 
(including device programming or simulation files), and any 
associated documentation or information are expressly subject 
to the terms and conditions of the Altera Program License 
Subscription Agreement, Altera MegaCore Function License 
Agreement, or other applicable license agreement, including, 
without limitation, that your use is for the sole purpose of 
programming logic devices manufactured by Altera and sold by 
Altera or its authorized distributors.  Please refer to the 
applicable agreement for further details.



+----------------------------------------------------------------------------------------------------------------------------------------------+
; Timing Analyzer Summary                                                                                                                      ;
+------------------------------+-------+---------------+-------------+---------------+------------------+------------+----------+--------------+
; Type                         ; Slack ; Required Time ; Actual Time ; From          ; To               ; From Clock ; To Clock ; Failed Paths ;
+------------------------------+-------+---------------+-------------+---------------+------------------+------------+----------+--------------+
; Worst-case tpd               ; N/A   ; None          ; 14.882 ns   ; piece_1_dh[1] ; reste_monnaie[3] ; --         ; --       ; 0            ;
; Total number of failed paths ;       ;               ;             ;               ;                  ;            ;          ; 0            ;
+------------------------------+-------+---------------+-------------+---------------+------------------+------------+----------+--------------+


+-----------------------------------------------------------------------------------------------------------------------------------------------------+
; Timing Analyzer Settings                                                                                                                            ;
+------------------------------------------------------------------------------------------------------+--------------------+------+----+-------------+
; Option                                                                                               ; Setting            ; From ; To ; Entity Name ;
+------------------------------------------------------------------------------------------------------+--------------------+------+----+-------------+
; Device Name                                                                                          ; EP2S15F484C3       ;      ;    ;             ;
; Timing Models                                                                                        ; Final              ;      ;    ;             ;
; Default hold multicycle                                                                              ; Same as Multicycle ;      ;    ;             ;
; Cut paths between unrelated clock domains                                                            ; On                 ;      ;    ;             ;
; Cut off read during write signal paths                                                               ; On                 ;      ;    ;             ;
; Cut off feedback from I/O pins                                                                       ; On                 ;      ;    ;             ;
; Report Combined Fast/Slow Timing                                                                     ; Off                ;      ;    ;             ;
; Ignore Clock Settings                                                                                ; Off                ;      ;    ;             ;
; Analyze latches as synchronous elements                                                              ; On                 ;      ;    ;             ;
; Enable Recovery/Removal analysis                                                                     ; Off                ;      ;    ;             ;
; Enable Clock Latency                                                                                 ; Off                ;      ;    ;             ;
; Use TimeQuest Timing Analyzer                                                                        ; Off                ;      ;    ;             ;
; Number of source nodes to report per destination node                                                ; 10                 ;      ;    ;             ;
; Number of destination nodes to report                                                                ; 10                 ;      ;    ;             ;
; Number of paths to report                                                                            ; 200                ;      ;    ;             ;
; Report Minimum Timing Checks                                                                         ; Off                ;      ;    ;             ;
; Use Fast Timing Models                                                                               ; Off                ;      ;    ;             ;
; Report IO Paths Separately                                                                           ; Off                ;      ;    ;             ;
; Perform Multicorner Analysis                                                                         ; On                 ;      ;    ;             ;
; Reports the worst-case path for each clock domain and analysis                                       ; Off                ;      ;    ;             ;
; Reports worst-case timing paths for each clock domain and analysis                                   ; Off                ;      ;    ;             ;
; Specifies the maximum number of worst-case timing paths to report for each clock domain and analysis ; 100                ;      ;    ;             ;
; Removes common clock path pessimism (CCPP) during slack computation                                  ; Off                ;      ;    ;             ;
; Output I/O Timing Endpoint                                                                           ; Near End           ;      ;    ;             ;
+------------------------------------------------------------------------------------------------------+--------------------+------+----+-------------+


Parallel compilation was disabled, but you have multiple processors available. Enable parallel compilation to reduce compilation time.
+-------------------------------------+
; Parallel Compilation                ;
+----------------------------+--------+
; Processors                 ; Number ;
+----------------------------+--------+
; Number detected on machine ; 8      ;
; Maximum allowed            ; 1      ;
+----------------------------+--------+


+--------------------------------------------------------------------------------------+
; tpd                                                                                  ;
+-------+-------------------+-----------------+-----------------+----------------------+
; Slack ; Required P2P Time ; Actual P2P Time ; From            ; To                   ;
+-------+-------------------+-----------------+-----------------+----------------------+
; N/A   ; None              ; 14.882 ns       ; piece_1_dh[1]   ; reste_monnaie[3]     ;
; N/A   ; None              ; 14.654 ns       ; piece_1_dh[2]   ; reste_monnaie[3]     ;
; N/A   ; None              ; 14.623 ns       ; piece_2_dh[1]   ; reste_monnaie[3]     ;
; N/A   ; None              ; 14.607 ns       ; piece_2_dh[0]   ; reste_monnaie[3]     ;
; N/A   ; None              ; 14.489 ns       ; piece_2_dh[2]   ; reste_monnaie[3]     ;
; N/A   ; None              ; 14.352 ns       ; piece_5_dh[1]   ; reste_monnaie[3]     ;
; N/A   ; None              ; 14.097 ns       ; piece_5_dh[0]   ; reste_monnaie[3]     ;
; N/A   ; None              ; 14.086 ns       ; piece_1_dh[3]   ; reste_monnaie[3]     ;
; N/A   ; None              ; 13.868 ns       ; piece_1_dh[0]   ; reste_monnaie[3]     ;
; N/A   ; None              ; 13.776 ns       ; reset           ; reste_monnaie[3]     ;
; N/A   ; None              ; 13.667 ns       ; piece_1_dh[1]   ; reste_monnaie[1]     ;
; N/A   ; None              ; 13.617 ns       ; piece_1_dh[1]   ; reste_monnaie[2]     ;
; N/A   ; None              ; 13.572 ns       ; piece_1_dh[1]   ; reste_monnaie[0]     ;
; N/A   ; None              ; 13.448 ns       ; piece_1_dh[1]   ; monnaie_exacte       ;
; N/A   ; None              ; 13.439 ns       ; piece_1_dh[2]   ; reste_monnaie[1]     ;
; N/A   ; None              ; 13.436 ns       ; piece_10_dh[1]  ; reste_monnaie[3]     ;
; N/A   ; None              ; 13.408 ns       ; piece_2_dh[1]   ; reste_monnaie[1]     ;
; N/A   ; None              ; 13.392 ns       ; piece_2_dh[0]   ; reste_monnaie[1]     ;
; N/A   ; None              ; 13.391 ns       ; piece_1_dh[1]   ; cafe_pret            ;
; N/A   ; None              ; 13.390 ns       ; piece_1_dh[1]   ; reste_monnaie[8]     ;
; N/A   ; None              ; 13.389 ns       ; piece_1_dh[2]   ; reste_monnaie[2]     ;
; N/A   ; None              ; 13.384 ns       ; piece_2_dh[2]   ; monnaie_exacte       ;
; N/A   ; None              ; 13.365 ns       ; piece_1_dh[1]   ; reste_monnaie[5]     ;
; N/A   ; None              ; 13.358 ns       ; piece_2_dh[1]   ; reste_monnaie[2]     ;
; N/A   ; None              ; 13.351 ns       ; piece_1_dh[2]   ; monnaie_exacte       ;
; N/A   ; None              ; 13.344 ns       ; piece_1_dh[2]   ; reste_monnaie[0]     ;
; N/A   ; None              ; 13.342 ns       ; piece_2_dh[0]   ; reste_monnaie[2]     ;
; N/A   ; None              ; 13.339 ns       ; piece_1_dh[1]   ; monnaie_excedentaire ;
; N/A   ; None              ; 13.320 ns       ; piece_2_dh[1]   ; monnaie_exacte       ;
; N/A   ; None              ; 13.318 ns       ; bouton_sucre[1] ; reste_monnaie[3]     ;
; N/A   ; None              ; 13.313 ns       ; piece_2_dh[1]   ; reste_monnaie[0]     ;
; N/A   ; None              ; 13.301 ns       ; piece_2_dh[2]   ; reste_monnaie[5]     ;
; N/A   ; None              ; 13.297 ns       ; piece_2_dh[0]   ; reste_monnaie[0]     ;
; N/A   ; None              ; 13.296 ns       ; piece_1_dh[1]   ; monnaie_insuffisante ;
; N/A   ; None              ; 13.275 ns       ; piece_2_dh[2]   ; monnaie_excedentaire ;
; N/A   ; None              ; 13.274 ns       ; piece_2_dh[2]   ; reste_monnaie[1]     ;
; N/A   ; None              ; 13.268 ns       ; piece_1_dh[2]   ; reste_monnaie[5]     ;
; N/A   ; None              ; 13.242 ns       ; piece_1_dh[2]   ; monnaie_excedentaire ;
; N/A   ; None              ; 13.237 ns       ; piece_2_dh[1]   ; reste_monnaie[5]     ;
; N/A   ; None              ; 13.236 ns       ; piece_1_dh[1]   ; reste_monnaie[7]     ;
; N/A   ; None              ; 13.224 ns       ; piece_2_dh[2]   ; reste_monnaie[2]     ;
; N/A   ; None              ; 13.220 ns       ; piece_1_dh[1]   ; reste_monnaie[4]     ;
; N/A   ; None              ; 13.211 ns       ; piece_2_dh[1]   ; monnaie_excedentaire ;
; N/A   ; None              ; 13.210 ns       ; piece_2_dh[2]   ; cafe_pret            ;
; N/A   ; None              ; 13.205 ns       ; piece_2_dh[2]   ; reste_monnaie[8]     ;
; N/A   ; None              ; 13.187 ns       ; piece_2_dh[0]   ; monnaie_exacte       ;
; N/A   ; None              ; 13.179 ns       ; piece_2_dh[2]   ; reste_monnaie[0]     ;
; N/A   ; None              ; 13.177 ns       ; piece_1_dh[2]   ; cafe_pret            ;
; N/A   ; None              ; 13.172 ns       ; piece_1_dh[2]   ; reste_monnaie[8]     ;
; N/A   ; None              ; 13.172 ns       ; piece_2_dh[2]   ; reste_monnaie[7]     ;
; N/A   ; None              ; 13.146 ns       ; piece_2_dh[1]   ; cafe_pret            ;
; N/A   ; None              ; 13.141 ns       ; piece_2_dh[1]   ; reste_monnaie[8]     ;
; N/A   ; None              ; 13.139 ns       ; piece_1_dh[2]   ; reste_monnaie[7]     ;
; N/A   ; None              ; 13.137 ns       ; piece_10_dh[0]  ; reste_monnaie[3]     ;
; N/A   ; None              ; 13.137 ns       ; piece_5_dh[1]   ; reste_monnaie[1]     ;
; N/A   ; None              ; 13.116 ns       ; piece_2_dh[0]   ; cafe_pret            ;
; N/A   ; None              ; 13.115 ns       ; piece_2_dh[0]   ; reste_monnaie[8]     ;
; N/A   ; None              ; 13.110 ns       ; piece_2_dh[2]   ; monnaie_insuffisante ;
; N/A   ; None              ; 13.108 ns       ; piece_2_dh[1]   ; reste_monnaie[7]     ;
; N/A   ; None              ; 13.104 ns       ; piece_2_dh[0]   ; reste_monnaie[5]     ;
; N/A   ; None              ; 13.087 ns       ; piece_5_dh[1]   ; reste_monnaie[2]     ;
; N/A   ; None              ; 13.078 ns       ; piece_2_dh[0]   ; monnaie_excedentaire ;
; N/A   ; None              ; 13.077 ns       ; piece_1_dh[2]   ; monnaie_insuffisante ;
; N/A   ; None              ; 13.046 ns       ; piece_2_dh[1]   ; monnaie_insuffisante ;
; N/A   ; None              ; 13.042 ns       ; piece_5_dh[1]   ; reste_monnaie[0]     ;
; N/A   ; None              ; 13.027 ns       ; piece_1_dh[1]   ; delivrance_cafe      ;
; N/A   ; None              ; 13.021 ns       ; piece_2_dh[0]   ; monnaie_insuffisante ;
; N/A   ; None              ; 12.992 ns       ; piece_1_dh[2]   ; reste_monnaie[4]     ;
; N/A   ; None              ; 12.981 ns       ; piece_1_dh[3]   ; monnaie_exacte       ;
; N/A   ; None              ; 12.975 ns       ; piece_2_dh[0]   ; reste_monnaie[7]     ;
; N/A   ; None              ; 12.961 ns       ; piece_2_dh[1]   ; reste_monnaie[4]     ;
; N/A   ; None              ; 12.945 ns       ; piece_2_dh[0]   ; reste_monnaie[4]     ;
; N/A   ; None              ; 12.898 ns       ; piece_1_dh[3]   ; reste_monnaie[5]     ;
; N/A   ; None              ; 12.895 ns       ; piece_1_dh[1]   ; reste_monnaie[6]     ;
; N/A   ; None              ; 12.882 ns       ; piece_5_dh[0]   ; reste_monnaie[1]     ;
; N/A   ; None              ; 12.872 ns       ; piece_1_dh[3]   ; monnaie_excedentaire ;
; N/A   ; None              ; 12.871 ns       ; piece_1_dh[3]   ; reste_monnaie[1]     ;
; N/A   ; None              ; 12.861 ns       ; piece_5_dh[1]   ; cafe_pret            ;
; N/A   ; None              ; 12.860 ns       ; piece_5_dh[1]   ; reste_monnaie[8]     ;
; N/A   ; None              ; 12.846 ns       ; piece_2_dh[2]   ; delivrance_cafe      ;
; N/A   ; None              ; 12.832 ns       ; piece_5_dh[0]   ; reste_monnaie[2]     ;
; N/A   ; None              ; 12.831 ns       ; piece_2_dh[2]   ; reste_monnaie[6]     ;
; N/A   ; None              ; 12.827 ns       ; piece_2_dh[2]   ; reste_monnaie[4]     ;
; N/A   ; None              ; 12.821 ns       ; piece_1_dh[3]   ; reste_monnaie[2]     ;
; N/A   ; None              ; 12.813 ns       ; piece_1_dh[2]   ; delivrance_cafe      ;
; N/A   ; None              ; 12.807 ns       ; piece_1_dh[3]   ; cafe_pret            ;
; N/A   ; None              ; 12.802 ns       ; piece_1_dh[3]   ; reste_monnaie[8]     ;
; N/A   ; None              ; 12.798 ns       ; piece_1_dh[2]   ; reste_monnaie[6]     ;
; N/A   ; None              ; 12.787 ns       ; piece_5_dh[0]   ; reste_monnaie[0]     ;
; N/A   ; None              ; 12.783 ns       ; piece_5_dh[1]   ; monnaie_exacte       ;
; N/A   ; None              ; 12.782 ns       ; piece_2_dh[1]   ; delivrance_cafe      ;
; N/A   ; None              ; 12.776 ns       ; piece_1_dh[3]   ; reste_monnaie[0]     ;
; N/A   ; None              ; 12.769 ns       ; piece_1_dh[3]   ; reste_monnaie[7]     ;
; N/A   ; None              ; 12.767 ns       ; piece_2_dh[1]   ; reste_monnaie[6]     ;
; N/A   ; None              ; 12.766 ns       ; piece_5_dh[1]   ; monnaie_insuffisante ;
; N/A   ; None              ; 12.752 ns       ; piece_2_dh[0]   ; delivrance_cafe      ;
; N/A   ; None              ; 12.707 ns       ; piece_1_dh[3]   ; monnaie_insuffisante ;
; N/A   ; None              ; 12.690 ns       ; piece_5_dh[1]   ; reste_monnaie[4]     ;
; N/A   ; None              ; 12.677 ns       ; piece_5_dh[1]   ; reste_monnaie[5]     ;
; N/A   ; None              ; 12.674 ns       ; piece_5_dh[1]   ; monnaie_excedentaire ;
; N/A   ; None              ; 12.653 ns       ; piece_1_dh[0]   ; reste_monnaie[1]     ;
; N/A   ; None              ; 12.634 ns       ; piece_2_dh[0]   ; reste_monnaie[6]     ;
; N/A   ; None              ; 12.606 ns       ; piece_5_dh[0]   ; cafe_pret            ;
; N/A   ; None              ; 12.605 ns       ; piece_5_dh[0]   ; reste_monnaie[8]     ;
; N/A   ; None              ; 12.603 ns       ; piece_1_dh[0]   ; reste_monnaie[2]     ;
; N/A   ; None              ; 12.562 ns       ; piece_5_dh[1]   ; reste_monnaie[7]     ;
; N/A   ; None              ; 12.561 ns       ; reset           ; reste_monnaie[1]     ;
; N/A   ; None              ; 12.558 ns       ; piece_1_dh[0]   ; reste_monnaie[0]     ;
; N/A   ; None              ; 12.537 ns       ; reset           ; reste_monnaie[8]     ;
; N/A   ; None              ; 12.528 ns       ; piece_5_dh[0]   ; monnaie_exacte       ;
; N/A   ; None              ; 12.511 ns       ; reset           ; reste_monnaie[2]     ;
; N/A   ; None              ; 12.511 ns       ; piece_5_dh[0]   ; monnaie_insuffisante ;
; N/A   ; None              ; 12.497 ns       ; piece_5_dh[1]   ; delivrance_cafe      ;
; N/A   ; None              ; 12.466 ns       ; reset           ; reste_monnaie[0]     ;
; N/A   ; None              ; 12.443 ns       ; piece_1_dh[3]   ; delivrance_cafe      ;
; N/A   ; None              ; 12.435 ns       ; piece_5_dh[0]   ; reste_monnaie[4]     ;
; N/A   ; None              ; 12.428 ns       ; piece_1_dh[3]   ; reste_monnaie[6]     ;
; N/A   ; None              ; 12.424 ns       ; piece_1_dh[3]   ; reste_monnaie[4]     ;
; N/A   ; None              ; 12.422 ns       ; piece_5_dh[0]   ; reste_monnaie[5]     ;
; N/A   ; None              ; 12.419 ns       ; piece_5_dh[0]   ; monnaie_excedentaire ;
; N/A   ; None              ; 12.377 ns       ; piece_1_dh[0]   ; cafe_pret            ;
; N/A   ; None              ; 12.376 ns       ; piece_1_dh[0]   ; reste_monnaie[8]     ;
; N/A   ; None              ; 12.307 ns       ; piece_5_dh[0]   ; reste_monnaie[7]     ;
; N/A   ; None              ; 12.299 ns       ; piece_1_dh[0]   ; monnaie_exacte       ;
; N/A   ; None              ; 12.282 ns       ; piece_1_dh[0]   ; monnaie_insuffisante ;
; N/A   ; None              ; 12.242 ns       ; piece_5_dh[0]   ; delivrance_cafe      ;
; N/A   ; None              ; 12.221 ns       ; piece_10_dh[1]  ; reste_monnaie[1]     ;
; N/A   ; None              ; 12.207 ns       ; piece_5_dh[1]   ; reste_monnaie[6]     ;
; N/A   ; None              ; 12.206 ns       ; piece_1_dh[0]   ; reste_monnaie[4]     ;
; N/A   ; None              ; 12.193 ns       ; piece_1_dh[0]   ; reste_monnaie[5]     ;
; N/A   ; None              ; 12.190 ns       ; piece_1_dh[0]   ; monnaie_excedentaire ;
; N/A   ; None              ; 12.171 ns       ; piece_10_dh[1]  ; reste_monnaie[2]     ;
; N/A   ; None              ; 12.129 ns       ; reset           ; reste_monnaie[5]     ;
; N/A   ; None              ; 12.126 ns       ; piece_10_dh[1]  ; reste_monnaie[0]     ;
; N/A   ; None              ; 12.114 ns       ; reset           ; reste_monnaie[4]     ;
; N/A   ; None              ; 12.103 ns       ; bouton_sucre[1] ; reste_monnaie[1]     ;
; N/A   ; None              ; 12.079 ns       ; bouton_sucre[1] ; reste_monnaie[8]     ;
; N/A   ; None              ; 12.078 ns       ; piece_1_dh[0]   ; reste_monnaie[7]     ;
; N/A   ; None              ; 12.053 ns       ; bouton_sucre[1] ; reste_monnaie[2]     ;
; N/A   ; None              ; 12.013 ns       ; piece_1_dh[0]   ; delivrance_cafe      ;
; N/A   ; None              ; 12.008 ns       ; bouton_sucre[1] ; reste_monnaie[0]     ;
; N/A   ; None              ; 11.993 ns       ; reset           ; monnaie_exacte       ;
; N/A   ; None              ; 11.986 ns       ; reset           ; reste_monnaie[7]     ;
; N/A   ; None              ; 11.960 ns       ; reset           ; cafe_pret            ;
; N/A   ; None              ; 11.952 ns       ; piece_5_dh[0]   ; reste_monnaie[6]     ;
; N/A   ; None              ; 11.945 ns       ; piece_10_dh[1]  ; cafe_pret            ;
; N/A   ; None              ; 11.944 ns       ; piece_10_dh[1]  ; reste_monnaie[8]     ;
; N/A   ; None              ; 11.922 ns       ; piece_10_dh[0]  ; reste_monnaie[1]     ;
; N/A   ; None              ; 11.879 ns       ; reset           ; monnaie_excedentaire ;
; N/A   ; None              ; 11.872 ns       ; piece_10_dh[0]  ; reste_monnaie[2]     ;
; N/A   ; None              ; 11.867 ns       ; piece_10_dh[1]  ; monnaie_exacte       ;
; N/A   ; None              ; 11.866 ns       ; reset           ; monnaie_insuffisante ;
; N/A   ; None              ; 11.850 ns       ; piece_10_dh[1]  ; monnaie_insuffisante ;
; N/A   ; None              ; 11.827 ns       ; piece_10_dh[0]  ; reste_monnaie[0]     ;
; N/A   ; None              ; 11.774 ns       ; piece_10_dh[1]  ; reste_monnaie[4]     ;
; N/A   ; None              ; 11.766 ns       ; piece_10_dh[1]  ; reste_monnaie[5]     ;
; N/A   ; None              ; 11.758 ns       ; piece_10_dh[1]  ; monnaie_excedentaire ;
; N/A   ; None              ; 11.740 ns       ; bouton_sucre[0] ; reste_monnaie[3]     ;
; N/A   ; None              ; 11.723 ns       ; piece_1_dh[0]   ; reste_monnaie[6]     ;
; N/A   ; None              ; 11.671 ns       ; bouton_sucre[1] ; reste_monnaie[5]     ;
; N/A   ; None              ; 11.659 ns       ; reset           ; reste_monnaie[6]     ;
; N/A   ; None              ; 11.656 ns       ; bouton_sucre[1] ; reste_monnaie[4]     ;
; N/A   ; None              ; 11.646 ns       ; piece_10_dh[1]  ; reste_monnaie[7]     ;
; N/A   ; None              ; 11.646 ns       ; piece_10_dh[0]  ; cafe_pret            ;
; N/A   ; None              ; 11.645 ns       ; piece_10_dh[0]  ; reste_monnaie[8]     ;
; N/A   ; None              ; 11.596 ns       ; reset           ; delivrance_cafe      ;
; N/A   ; None              ; 11.581 ns       ; piece_10_dh[1]  ; delivrance_cafe      ;
; N/A   ; None              ; 11.568 ns       ; piece_10_dh[0]  ; monnaie_exacte       ;
; N/A   ; None              ; 11.551 ns       ; piece_10_dh[0]  ; monnaie_insuffisante ;
; N/A   ; None              ; 11.535 ns       ; bouton_sucre[1] ; monnaie_exacte       ;
; N/A   ; None              ; 11.528 ns       ; bouton_sucre[1] ; reste_monnaie[7]     ;
; N/A   ; None              ; 11.502 ns       ; bouton_sucre[1] ; cafe_pret            ;
; N/A   ; None              ; 11.475 ns       ; piece_10_dh[0]  ; reste_monnaie[4]     ;
; N/A   ; None              ; 11.462 ns       ; piece_10_dh[0]  ; reste_monnaie[5]     ;
; N/A   ; None              ; 11.459 ns       ; piece_10_dh[0]  ; monnaie_excedentaire ;
; N/A   ; None              ; 11.421 ns       ; bouton_sucre[1] ; monnaie_excedentaire ;
; N/A   ; None              ; 11.408 ns       ; bouton_sucre[1] ; monnaie_insuffisante ;
; N/A   ; None              ; 11.347 ns       ; piece_10_dh[0]  ; reste_monnaie[7]     ;
; N/A   ; None              ; 11.296 ns       ; piece_10_dh[1]  ; reste_monnaie[6]     ;
; N/A   ; None              ; 11.282 ns       ; piece_10_dh[0]  ; delivrance_cafe      ;
; N/A   ; None              ; 11.201 ns       ; bouton_sucre[1] ; reste_monnaie[6]     ;
; N/A   ; None              ; 11.138 ns       ; bouton_sucre[1] ; delivrance_cafe      ;
; N/A   ; None              ; 10.992 ns       ; piece_10_dh[0]  ; reste_monnaie[6]     ;
; N/A   ; None              ; 10.525 ns       ; bouton_sucre[0] ; reste_monnaie[1]     ;
; N/A   ; None              ; 10.475 ns       ; bouton_sucre[0] ; reste_monnaie[2]     ;
; N/A   ; None              ; 10.430 ns       ; bouton_sucre[0] ; reste_monnaie[0]     ;
; N/A   ; None              ; 10.249 ns       ; bouton_sucre[0] ; cafe_pret            ;
; N/A   ; None              ; 10.248 ns       ; bouton_sucre[0] ; reste_monnaie[8]     ;
; N/A   ; None              ; 10.171 ns       ; bouton_sucre[0] ; monnaie_exacte       ;
; N/A   ; None              ; 10.154 ns       ; bouton_sucre[0] ; monnaie_insuffisante ;
; N/A   ; None              ; 10.078 ns       ; bouton_sucre[0] ; reste_monnaie[4]     ;
; N/A   ; None              ; 10.065 ns       ; bouton_sucre[0] ; reste_monnaie[5]     ;
; N/A   ; None              ; 10.062 ns       ; bouton_sucre[0] ; monnaie_excedentaire ;
; N/A   ; None              ; 9.950 ns        ; bouton_sucre[0] ; reste_monnaie[7]     ;
; N/A   ; None              ; 9.885 ns        ; bouton_sucre[0] ; delivrance_cafe      ;
; N/A   ; None              ; 9.595 ns        ; bouton_sucre[0] ; reste_monnaie[6]     ;
+-------+-------------------+-----------------+-----------------+----------------------+


+--------------------------+
; Timing Analyzer Messages ;
+--------------------------+
Info: *******************************************************************
Info: Running Quartus II Classic Timing Analyzer
    Info: Version 9.1 Build 222 10/21/2009 SJ Web Edition
    Info: Processing started: Mon Mar 25 14:18:28 2024
Info: Command: quartus_tan --read_settings_files=off --write_settings_files=off DistributeurCafe -c DistributeurCafe --timing_analysis_only
Warning: Timing Analysis is analyzing one or more combinational loops as latches
    Warning: Node "prix_cafe_selectionne[1]" is a latch
    Warning: Node "prix_cafe_selectionne[2]" is a latch
    Warning: Node "prix_cafe_selectionne[3]" is a latch
Info: Longest tpd from source pin "piece_1_dh[1]" to destination pin "reste_monnaie[3]" is 14.882 ns
    Info: 1: + IC(0.000 ns) + CELL(0.817 ns) = 0.817 ns; Loc. = PIN_T9; Fanout = 2; PIN Node = 'piece_1_dh[1]'
    Info: 2: + IC(3.745 ns) + CELL(0.592 ns) = 5.154 ns; Loc. = LCCOMB_X33_Y1_N0; Fanout = 2; COMB Node = 'Add0~1'
    Info: 3: + IC(0.893 ns) + CELL(0.418 ns) = 6.465 ns; Loc. = LCCOMB_X33_Y7_N18; Fanout = 2; COMB Node = 'Add1~5'
    Info: 4: + IC(0.302 ns) + CELL(0.516 ns) = 7.283 ns; Loc. = LCCOMB_X33_Y7_N0; Fanout = 2; COMB Node = 'Add2~2'
    Info: 5: + IC(0.000 ns) + CELL(0.125 ns) = 7.408 ns; Loc. = LCCOMB_X33_Y7_N2; Fanout = 6; COMB Node = 'Add2~5'
    Info: 6: + IC(1.112 ns) + CELL(0.272 ns) = 8.792 ns; Loc. = LCCOMB_X27_Y3_N4; Fanout = 9; COMB Node = 'LessThan2~1'
    Info: 7: + IC(0.873 ns) + CELL(0.366 ns) = 10.031 ns; Loc. = LCCOMB_X30_Y6_N28; Fanout = 5; COMB Node = 'LessThan2~6'
    Info: 8: + IC(0.245 ns) + CELL(0.272 ns) = 10.548 ns; Loc. = LCCOMB_X30_Y6_N20; Fanout = 1; COMB Node = 'reste_argent~4'
    Info: 9: + IC(2.298 ns) + CELL(2.036 ns) = 14.882 ns; Loc. = PIN_D10; Fanout = 0; PIN Node = 'reste_monnaie[3]'
    Info: Total cell delay = 5.414 ns ( 36.38 % )
    Info: Total interconnect delay = 9.468 ns ( 63.62 % )
Info: Quartus II Classic Timing Analyzer was successful. 0 errors, 4 warnings
    Info: Peak virtual memory: 192 megabytes
    Info: Processing ended: Mon Mar 25 14:18:28 2024
    Info: Elapsed time: 00:00:00
    Info: Total CPU time (on all processors): 00:00:00


